[ 2018-05-27T09:49:06+08:00 ] 127.0.0.1 /
INFO: [ app_init ] --START--
INFO: Run Behavior\BuildLiteBehavior [ RunTime:0.000000s ]
INFO: [ app_init ] --END-- [ RunTime:0.040003s ]
INFO: [ app_begin ] --START--
INFO: Run Behavior\ReadHtmlCacheBehavior [ RunTime:0.030002s ]
INFO: [ app_begin ] --END-- [ RunTime:0.030002s ]
NOTIC: [8] A session had already been started - ignoring session_start() E:\xampp\htdocs\egdouban\ThinkPHP\Common\functions.php 第 1263 行.
INFO: [ view_parse ] --START--
INFO: [ template_filter ] --START--
INFO: Run Behavior\ContentReplaceBehavior [ RunTime:0.000000s ]
INFO: [ template_filter ] --END-- [ RunTime:0.001000s ]
INFO: Run Behavior\ParseTemplateBehavior [ RunTime:0.049002s ]
INFO: [ view_parse ] --END-- [ RunTime:0.049002s ]
INFO: [ view_filter ] --START--
INFO: Run Behavior\WriteHtmlCacheBehavior [ RunTime:0.001001s ]
INFO: [ view_filter ] --END-- [ RunTime:0.001001s ]
INFO: [ app_end ] --START--
INFO: Run Behavior\ShowPageTraceBehavior [ RunTime:0.016000s ]
INFO: [ app_end ] --END-- [ RunTime:0.016000s ]

[ 2018-05-27T10:17:05+08:00 ] 127.0.0.1 /
INFO: [ app_init ] --START--
INFO: Run Behavior\BuildLiteBehavior [ RunTime:0.000000s ]
INFO: [ app_init ] --END-- [ RunTime:0.000000s ]
INFO: [ app_begin ] --START--
INFO: Run Behavior\ReadHtmlCacheBehavior [ RunTime:0.000000s ]
INFO: [ app_begin ] --END-- [ RunTime:0.000000s ]
NOTIC: [8] A session had already been started - ignoring session_start() E:\xampp\htdocs\egdouban\ThinkPHP\Common\functions.php 第 1263 行.
SQL: SHOW COLUMNS FROM `ad` [ RunTime:0.0100s ]
NOTIC: [8] Undefined variable: where E:\xampp\htdocs\egdouban\Application\Home\Controller\IndexController.class.php 第 6 行.
NOTIC: [8] Undefined variable: offset E:\xampp\htdocs\egdouban\Application\Home\Controller\IndexController.class.php 第 6 行.
NOTIC: [8] Undefined variable: limit E:\xampp\htdocs\egdouban\Application\Home\Controller\IndexController.class.php 第 6 行.
NOTIC: [8] Undefined variable: order E:\xampp\htdocs\egdouban\Application\Home\Controller\IndexController.class.php 第 6 行.
SQL: SELECT * FROM `ad`  [ RunTime:0.0010s ]
INFO: [ view_parse ] --START--
INFO: [ template_filter ] --START--
INFO: Run Behavior\ContentReplaceBehavior [ RunTime:0.000000s ]
INFO: [ template_filter ] --END-- [ RunTime:0.000000s ]

[ 2018-05-27T10:18:15+08:00 ] 127.0.0.1 /
INFO: [ app_init ] --START--
INFO: Run Behavior\BuildLiteBehavior [ RunTime:0.000000s ]
INFO: [ app_init ] --END-- [ RunTime:0.000000s ]
INFO: [ app_begin ] --START--
INFO: Run Behavior\ReadHtmlCacheBehavior [ RunTime:0.001000s ]
INFO: [ app_begin ] --END-- [ RunTime:0.001000s ]
NOTIC: [8] A session had already been started - ignoring session_start() E:\xampp\htdocs\egdouban\ThinkPHP\Common\functions.php 第 1263 行.
SQL: SHOW COLUMNS FROM `ad` [ RunTime:0.0100s ]
NOTIC: [8] Undefined variable: where E:\xampp\htdocs\egdouban\Application\Home\Controller\IndexController.class.php 第 6 行.
NOTIC: [8] Undefined variable: offset E:\xampp\htdocs\egdouban\Application\Home\Controller\IndexController.class.php 第 6 行.
NOTIC: [8] Undefined variable: limit E:\xampp\htdocs\egdouban\Application\Home\Controller\IndexController.class.php 第 6 行.
NOTIC: [8] Undefined variable: order E:\xampp\htdocs\egdouban\Application\Home\Controller\IndexController.class.php 第 6 行.
SQL: SELECT * FROM `ad`  [ RunTime:0.0010s ]
INFO: [ view_parse ] --START--
INFO: [ template_filter ] --START--
INFO: Run Behavior\ContentReplaceBehavior [ RunTime:0.000000s ]
INFO: [ template_filter ] --END-- [ RunTime:0.000000s ]

[ 2018-05-27T10:19:02+08:00 ] 127.0.0.1 /
INFO: [ app_init ] --START--
INFO: Run Behavior\BuildLiteBehavior [ RunTime:0.000000s ]
INFO: [ app_init ] --END-- [ RunTime:0.000000s ]
INFO: [ app_begin ] --START--
INFO: Run Behavior\ReadHtmlCacheBehavior [ RunTime:0.001000s ]
INFO: [ app_begin ] --END-- [ RunTime:0.001000s ]
NOTIC: [8] A session had already been started - ignoring session_start() E:\xampp\htdocs\egdouban\ThinkPHP\Common\functions.php 第 1263 行.
SQL: SHOW COLUMNS FROM `ad` [ RunTime:0.0090s ]
NOTIC: [8] Undefined variable: where E:\xampp\htdocs\egdouban\Application\Home\Controller\IndexController.class.php 第 6 行.
NOTIC: [8] Undefined variable: offset E:\xampp\htdocs\egdouban\Application\Home\Controller\IndexController.class.php 第 6 行.
NOTIC: [8] Undefined variable: limit E:\xampp\htdocs\egdouban\Application\Home\Controller\IndexController.class.php 第 6 行.
NOTIC: [8] Undefined variable: order E:\xampp\htdocs\egdouban\Application\Home\Controller\IndexController.class.php 第 6 行.
SQL: SELECT * FROM `ad`  [ RunTime:0.0010s ]
INFO: [ view_parse ] --START--
INFO: [ template_filter ] --START--
INFO: Run Behavior\ContentReplaceBehavior [ RunTime:0.000000s ]
INFO: [ template_filter ] --END-- [ RunTime:0.000000s ]
NOTIC: [8] Undefined variable: adlist E:\xampp\htdocs\egdouban\Application\Runtime\Cache\Home\2a94b8bda04ff446dcedd42276fc99ee.php 第 17 行.
NOTIC: [2] Invalid argument supplied for foreach() E:\xampp\htdocs\egdouban\Application\Runtime\Cache\Home\2a94b8bda04ff446dcedd42276fc99ee.php 第 17 行.
INFO: Run Behavior\ParseTemplateBehavior [ RunTime:0.008000s ]
INFO: [ view_parse ] --END-- [ RunTime:0.008000s ]
INFO: [ view_filter ] --START--
INFO: Run Behavior\WriteHtmlCacheBehavior [ RunTime:0.001000s ]
INFO: [ view_filter ] --END-- [ RunTime:0.001000s ]
INFO: [ app_end ] --START--
INFO: Run Behavior\ShowPageTraceBehavior [ RunTime:0.001000s ]
INFO: [ app_end ] --END-- [ RunTime:0.001000s ]

[ 2018-05-27T10:19:43+08:00 ] 127.0.0.1 /
INFO: [ app_init ] --START--
INFO: Run Behavior\BuildLiteBehavior [ RunTime:0.000000s ]
INFO: [ app_init ] --END-- [ RunTime:0.000000s ]
INFO: [ app_begin ] --START--
INFO: Run Behavior\ReadHtmlCacheBehavior [ RunTime:0.000000s ]
INFO: [ app_begin ] --END-- [ RunTime:0.000000s ]
NOTIC: [8] A session had already been started - ignoring session_start() E:\xampp\htdocs\egdouban\ThinkPHP\Common\functions.php 第 1263 行.
SQL: SHOW COLUMNS FROM `ad` [ RunTime:0.0080s ]
NOTIC: [8] Undefined variable: where E:\xampp\htdocs\egdouban\Application\Home\Controller\IndexController.class.php 第 6 行.
NOTIC: [8] Undefined variable: offset E:\xampp\htdocs\egdouban\Application\Home\Controller\IndexController.class.php 第 6 行.
NOTIC: [8] Undefined variable: limit E:\xampp\htdocs\egdouban\Application\Home\Controller\IndexController.class.php 第 6 行.
NOTIC: [8] Undefined variable: order E:\xampp\htdocs\egdouban\Application\Home\Controller\IndexController.class.php 第 6 行.
SQL: SELECT * FROM `ad`  [ RunTime:0.0010s ]

[ 2018-05-27T10:20:27+08:00 ] 127.0.0.1 /
INFO: [ app_init ] --START--
INFO: Run Behavior\BuildLiteBehavior [ RunTime:0.000000s ]
INFO: [ app_init ] --END-- [ RunTime:0.000000s ]
INFO: [ app_begin ] --START--
INFO: Run Behavior\ReadHtmlCacheBehavior [ RunTime:0.001000s ]
INFO: [ app_begin ] --END-- [ RunTime:0.001000s ]
NOTIC: [8] A session had already been started - ignoring session_start() E:\xampp\htdocs\egdouban\ThinkPHP\Common\functions.php 第 1263 行.
SQL: SHOW COLUMNS FROM `ad` [ RunTime:0.0080s ]
NOTIC: [8] Undefined variable: where E:\xampp\htdocs\egdouban\Application\Home\Controller\IndexController.class.php 第 6 行.
NOTIC: [8] Undefined variable: offset E:\xampp\htdocs\egdouban\Application\Home\Controller\IndexController.class.php 第 6 行.
NOTIC: [8] Undefined variable: limit E:\xampp\htdocs\egdouban\Application\Home\Controller\IndexController.class.php 第 6 行.
NOTIC: [8] Undefined variable: order E:\xampp\htdocs\egdouban\Application\Home\Controller\IndexController.class.php 第 6 行.
SQL: SELECT * FROM `ad`  [ RunTime:0.0010s ]

[ 2018-05-27T10:20:35+08:00 ] 127.0.0.1 /
INFO: [ app_init ] --START--
INFO: Run Behavior\BuildLiteBehavior [ RunTime:0.000000s ]
INFO: [ app_init ] --END-- [ RunTime:0.001000s ]
INFO: [ app_begin ] --START--
INFO: Run Behavior\ReadHtmlCacheBehavior [ RunTime:0.001000s ]
INFO: [ app_begin ] --END-- [ RunTime:0.001000s ]
NOTIC: [8] A session had already been started - ignoring session_start() E:\xampp\htdocs\egdouban\ThinkPHP\Common\functions.php 第 1263 行.
SQL: SHOW COLUMNS FROM `ad` [ RunTime:0.0100s ]
NOTIC: [8] Undefined variable: where E:\xampp\htdocs\egdouban\Application\Home\Controller\IndexController.class.php 第 6 行.
NOTIC: [8] Undefined variable: offset E:\xampp\htdocs\egdouban\Application\Home\Controller\IndexController.class.php 第 6 行.
NOTIC: [8] Undefined variable: limit E:\xampp\htdocs\egdouban\Application\Home\Controller\IndexController.class.php 第 6 行.
NOTIC: [8] Undefined variable: order E:\xampp\htdocs\egdouban\Application\Home\Controller\IndexController.class.php 第 6 行.
SQL: SELECT * FROM `ad`  [ RunTime:0.0010s ]
INFO: [ view_parse ] --START--
INFO: [ template_filter ] --START--
INFO: Run Behavior\ContentReplaceBehavior [ RunTime:0.000000s ]
INFO: [ template_filter ] --END-- [ RunTime:0.000000s ]
NOTIC: [8] Undefined variable: adlist E:\xampp\htdocs\egdouban\Application\Runtime\Cache\Home\2a94b8bda04ff446dcedd42276fc99ee.php 第 17 行.
NOTIC: [2] Invalid argument supplied for foreach() E:\xampp\htdocs\egdouban\Application\Runtime\Cache\Home\2a94b8bda04ff446dcedd42276fc99ee.php 第 17 行.
INFO: Run Behavior\ParseTemplateBehavior [ RunTime:0.010000s ]
INFO: [ view_parse ] --END-- [ RunTime:0.010000s ]
INFO: [ view_filter ] --START--
INFO: Run Behavior\WriteHtmlCacheBehavior [ RunTime:0.001000s ]
INFO: [ view_filter ] --END-- [ RunTime:0.001000s ]
INFO: [ app_end ] --START--
INFO: Run Behavior\ShowPageTraceBehavior [ RunTime:0.001000s ]
INFO: [ app_end ] --END-- [ RunTime:0.001000s ]

[ 2018-05-27T10:21:21+08:00 ] 127.0.0.1 /
INFO: [ app_init ] --START--
INFO: Run Behavior\BuildLiteBehavior [ RunTime:0.000000s ]
INFO: [ app_init ] --END-- [ RunTime:0.001000s ]
INFO: [ app_begin ] --START--
INFO: Run Behavior\ReadHtmlCacheBehavior [ RunTime:0.001000s ]
INFO: [ app_begin ] --END-- [ RunTime:0.001000s ]
NOTIC: [8] A session had already been started - ignoring session_start() E:\xampp\htdocs\egdouban\ThinkPHP\Common\functions.php 第 1263 行.
SQL: SHOW COLUMNS FROM `ad` [ RunTime:0.0090s ]
NOTIC: [8] Undefined variable: where E:\xampp\htdocs\egdouban\Application\Home\Controller\IndexController.class.php 第 6 行.
NOTIC: [8] Undefined variable: offset E:\xampp\htdocs\egdouban\Application\Home\Controller\IndexController.class.php 第 6 行.
NOTIC: [8] Undefined variable: limit E:\xampp\htdocs\egdouban\Application\Home\Controller\IndexController.class.php 第 6 行.
NOTIC: [8] Undefined variable: order E:\xampp\htdocs\egdouban\Application\Home\Controller\IndexController.class.php 第 6 行.
SQL: SELECT * FROM `ad`  [ RunTime:0.0010s ]

[ 2018-05-27T10:22:14+08:00 ] 127.0.0.1 /
INFO: [ app_init ] --START--
INFO: Run Behavior\BuildLiteBehavior [ RunTime:0.000000s ]
INFO: [ app_init ] --END-- [ RunTime:0.001000s ]
INFO: [ app_begin ] --START--
INFO: Run Behavior\ReadHtmlCacheBehavior [ RunTime:0.000000s ]
INFO: [ app_begin ] --END-- [ RunTime:0.000000s ]
NOTIC: [8] A session had already been started - ignoring session_start() E:\xampp\htdocs\egdouban\ThinkPHP\Common\functions.php 第 1263 行.
SQL: SHOW COLUMNS FROM `ad` [ RunTime:0.0080s ]
NOTIC: [8] Undefined variable: where E:\xampp\htdocs\egdouban\Application\Home\Controller\IndexController.class.php 第 6 行.
NOTIC: [8] Undefined variable: offset E:\xampp\htdocs\egdouban\Application\Home\Controller\IndexController.class.php 第 6 行.
NOTIC: [8] Undefined variable: limit E:\xampp\htdocs\egdouban\Application\Home\Controller\IndexController.class.php 第 6 行.
NOTIC: [8] Undefined variable: order E:\xampp\htdocs\egdouban\Application\Home\Controller\IndexController.class.php 第 6 行.
SQL: SELECT * FROM `ad`  [ RunTime:0.0010s ]
INFO: [ view_parse ] --START--
INFO: [ template_filter ] --START--
INFO: Run Behavior\ContentReplaceBehavior [ RunTime:0.000000s ]
INFO: [ template_filter ] --END-- [ RunTime:0.000000s ]
NOTIC: [8] Undefined variable: adlist E:\xampp\htdocs\egdouban\Application\Runtime\Cache\Home\2a94b8bda04ff446dcedd42276fc99ee.php 第 17 行.
NOTIC: [2] Invalid argument supplied for foreach() E:\xampp\htdocs\egdouban\Application\Runtime\Cache\Home\2a94b8bda04ff446dcedd42276fc99ee.php 第 17 行.
INFO: Run Behavior\ParseTemplateBehavior [ RunTime:0.009001s ]
INFO: [ view_parse ] --END-- [ RunTime:0.009001s ]
INFO: [ view_filter ] --START--
INFO: Run Behavior\WriteHtmlCacheBehavior [ RunTime:0.000000s ]
INFO: [ view_filter ] --END-- [ RunTime:0.000000s ]
INFO: [ app_end ] --START--
INFO: Run Behavior\ShowPageTraceBehavior [ RunTime:0.001000s ]
INFO: [ app_end ] --END-- [ RunTime:0.001000s ]

[ 2018-05-27T10:22:37+08:00 ] 127.0.0.1 /
INFO: [ app_init ] --START--
INFO: Run Behavior\BuildLiteBehavior [ RunTime:0.000000s ]
INFO: [ app_init ] --END-- [ RunTime:0.001000s ]
INFO: [ app_begin ] --START--
INFO: Run Behavior\ReadHtmlCacheBehavior [ RunTime:0.001000s ]
INFO: [ app_begin ] --END-- [ RunTime:0.001000s ]
NOTIC: [8] A session had already been started - ignoring session_start() E:\xampp\htdocs\egdouban\ThinkPHP\Common\functions.php 第 1263 行.
SQL: SHOW COLUMNS FROM `ad` [ RunTime:0.0100s ]
NOTIC: [8] Undefined variable: where E:\xampp\htdocs\egdouban\Application\Home\Controller\IndexController.class.php 第 6 行.
NOTIC: [8] Undefined variable: offset E:\xampp\htdocs\egdouban\Application\Home\Controller\IndexController.class.php 第 6 行.
NOTIC: [8] Undefined variable: limit E:\xampp\htdocs\egdouban\Application\Home\Controller\IndexController.class.php 第 6 行.
NOTIC: [8] Undefined variable: order E:\xampp\htdocs\egdouban\Application\Home\Controller\IndexController.class.php 第 6 行.
SQL: SELECT * FROM `ad`  [ RunTime:0.0000s ]

[ 2018-05-27T10:23:47+08:00 ] 127.0.0.1 /
INFO: [ app_init ] --START--
INFO: Run Behavior\BuildLiteBehavior [ RunTime:0.000000s ]
INFO: [ app_init ] --END-- [ RunTime:0.001000s ]
INFO: [ app_begin ] --START--
INFO: Run Behavior\ReadHtmlCacheBehavior [ RunTime:0.001000s ]
INFO: [ app_begin ] --END-- [ RunTime:0.001000s ]
NOTIC: [8] A session had already been started - ignoring session_start() E:\xampp\htdocs\egdouban\ThinkPHP\Common\functions.php 第 1263 行.
SQL: SHOW COLUMNS FROM `ad` [ RunTime:0.0100s ]
NOTIC: [8] Undefined variable: where E:\xampp\htdocs\egdouban\Application\Home\Controller\IndexController.class.php 第 6 行.
NOTIC: [8] Undefined variable: offset E:\xampp\htdocs\egdouban\Application\Home\Controller\IndexController.class.php 第 6 行.
NOTIC: [8] Undefined variable: limit E:\xampp\htdocs\egdouban\Application\Home\Controller\IndexController.class.php 第 6 行.
NOTIC: [8] Undefined variable: order E:\xampp\htdocs\egdouban\Application\Home\Controller\IndexController.class.php 第 6 行.
SQL: SELECT * FROM `ad`  [ RunTime:0.0000s ]
INFO: [ view_parse ] --START--
INFO: [ template_filter ] --START--
INFO: Run Behavior\ContentReplaceBehavior [ RunTime:0.000000s ]
INFO: [ template_filter ] --END-- [ RunTime:0.000000s ]
INFO: Run Behavior\ParseTemplateBehavior [ RunTime:0.013001s ]
INFO: [ view_parse ] --END-- [ RunTime:0.013001s ]
INFO: [ view_filter ] --START--
INFO: Run Behavior\WriteHtmlCacheBehavior [ RunTime:0.000000s ]
INFO: [ view_filter ] --END-- [ RunTime:0.000000s ]
INFO: [ app_end ] --START--
INFO: Run Behavior\ShowPageTraceBehavior [ RunTime:0.001000s ]
INFO: [ app_end ] --END-- [ RunTime:0.001000s ]

[ 2018-05-27T10:23:48+08:00 ] 127.0.0.1 /
INFO: [ app_init ] --START--
INFO: Run Behavior\BuildLiteBehavior [ RunTime:0.000000s ]
INFO: [ app_init ] --END-- [ RunTime:0.000000s ]
INFO: [ app_begin ] --START--
INFO: Run Behavior\ReadHtmlCacheBehavior [ RunTime:0.000000s ]
INFO: [ app_begin ] --END-- [ RunTime:0.000000s ]
NOTIC: [8] A session had already been started - ignoring session_start() E:\xampp\htdocs\egdouban\ThinkPHP\Common\functions.php 第 1263 行.
SQL: SHOW COLUMNS FROM `ad` [ RunTime:0.0110s ]
NOTIC: [8] Undefined variable: where E:\xampp\htdocs\egdouban\Application\Home\Controller\IndexController.class.php 第 6 行.
NOTIC: [8] Undefined variable: offset E:\xampp\htdocs\egdouban\Application\Home\Controller\IndexController.class.php 第 6 行.
NOTIC: [8] Undefined variable: limit E:\xampp\htdocs\egdouban\Application\Home\Controller\IndexController.class.php 第 6 行.
NOTIC: [8] Undefined variable: order E:\xampp\htdocs\egdouban\Application\Home\Controller\IndexController.class.php 第 6 行.
SQL: SELECT * FROM `ad`  [ RunTime:0.0010s ]
INFO: [ view_parse ] --START--
INFO: [ template_filter ] --START--
INFO: Run Behavior\ContentReplaceBehavior [ RunTime:0.000000s ]
INFO: [ template_filter ] --END-- [ RunTime:0.000000s ]
INFO: Run Behavior\ParseTemplateBehavior [ RunTime:0.011001s ]
INFO: [ view_parse ] --END-- [ RunTime:0.011001s ]
INFO: [ view_filter ] --START--
INFO: Run Behavior\WriteHtmlCacheBehavior [ RunTime:0.001000s ]
INFO: [ view_filter ] --END-- [ RunTime:0.001000s ]
INFO: [ app_end ] --START--
INFO: Run Behavior\ShowPageTraceBehavior [ RunTime:0.001000s ]
INFO: [ app_end ] --END-- [ RunTime:0.001000s ]

[ 2018-05-27T10:33:08+08:00 ] 127.0.0.1 /
INFO: [ app_init ] --START--
INFO: Run Behavior\BuildLiteBehavior [ RunTime:0.000000s ]
INFO: [ app_init ] --END-- [ RunTime:0.000000s ]
INFO: [ app_begin ] --START--
INFO: Run Behavior\ReadHtmlCacheBehavior [ RunTime:0.001000s ]
INFO: [ app_begin ] --END-- [ RunTime:0.001000s ]
NOTIC: [8] A session had already been started - ignoring session_start() E:\xampp\htdocs\egdouban\ThinkPHP\Common\functions.php 第 1263 行.
SQL: SHOW COLUMNS FROM `ad` [ RunTime:0.0090s ]
NOTIC: [8] Undefined variable: where E:\xampp\htdocs\egdouban\Application\Home\Controller\IndexController.class.php 第 6 行.
NOTIC: [8] Undefined variable: offset E:\xampp\htdocs\egdouban\Application\Home\Controller\IndexController.class.php 第 6 行.
NOTIC: [8] Undefined variable: limit E:\xampp\htdocs\egdouban\Application\Home\Controller\IndexController.class.php 第 6 行.
NOTIC: [8] Undefined variable: order E:\xampp\htdocs\egdouban\Application\Home\Controller\IndexController.class.php 第 6 行.
SQL: SELECT * FROM `ad`  [ RunTime:0.0010s ]
SQL: SHOW COLUMNS FROM `goods` [ RunTime:0.0080s ]
NOTIC: [8] Undefined variable: where E:\xampp\htdocs\egdouban\Application\Home\Controller\IndexController.class.php 第 8 行.
NOTIC: [8] Undefined variable: offset E:\xampp\htdocs\egdouban\Application\Home\Controller\IndexController.class.php 第 8 行.
NOTIC: [8] Undefined variable: limit E:\xampp\htdocs\egdouban\Application\Home\Controller\IndexController.class.php 第 8 行.
NOTIC: [8] Undefined variable: order E:\xampp\htdocs\egdouban\Application\Home\Controller\IndexController.class.php 第 8 行.
SQL: SELECT * FROM `goods`  [ RunTime:0.0010s ]
INFO: [ view_parse ] --START--
INFO: [ template_filter ] --START--
INFO: Run Behavior\ContentReplaceBehavior [ RunTime:0.000000s ]
INFO: [ template_filter ] --END-- [ RunTime:0.000000s ]
INFO: Run Behavior\ParseTemplateBehavior [ RunTime:0.010001s ]
INFO: [ view_parse ] --END-- [ RunTime:0.010001s ]
INFO: [ view_filter ] --START--
INFO: Run Behavior\WriteHtmlCacheBehavior [ RunTime:0.000000s ]
INFO: [ view_filter ] --END-- [ RunTime:0.000000s ]
INFO: [ app_end ] --START--
INFO: Run Behavior\ShowPageTraceBehavior [ RunTime:0.001000s ]
INFO: [ app_end ] --END-- [ RunTime:0.001000s ]

[ 2018-05-27T10:35:24+08:00 ] 127.0.0.1 /
INFO: [ app_init ] --START--
INFO: Run Behavior\BuildLiteBehavior [ RunTime:0.000000s ]
INFO: [ app_init ] --END-- [ RunTime:0.001000s ]
INFO: [ app_begin ] --START--
INFO: Run Behavior\ReadHtmlCacheBehavior [ RunTime:0.001001s ]
INFO: [ app_begin ] --END-- [ RunTime:0.001001s ]
NOTIC: [8] A session had already been started - ignoring session_start() E:\xampp\htdocs\egdouban\ThinkPHP\Common\functions.php 第 1263 行.
SQL: SHOW COLUMNS FROM `ad` [ RunTime:0.0110s ]
NOTIC: [8] Undefined variable: where E:\xampp\htdocs\egdouban\Application\Home\Controller\IndexController.class.php 第 6 行.
NOTIC: [8] Undefined variable: offset E:\xampp\htdocs\egdouban\Application\Home\Controller\IndexController.class.php 第 6 行.
NOTIC: [8] Undefined variable: limit E:\xampp\htdocs\egdouban\Application\Home\Controller\IndexController.class.php 第 6 行.
NOTIC: [8] Undefined variable: order E:\xampp\htdocs\egdouban\Application\Home\Controller\IndexController.class.php 第 6 行.
SQL: SELECT * FROM `ad`  [ RunTime:0.0010s ]
SQL: SHOW COLUMNS FROM `goods` [ RunTime:0.0080s ]
NOTIC: [8] Undefined variable: where E:\xampp\htdocs\egdouban\Application\Home\Controller\IndexController.class.php 第 8 行.
NOTIC: [8] Undefined variable: offset E:\xampp\htdocs\egdouban\Application\Home\Controller\IndexController.class.php 第 8 行.
NOTIC: [8] Undefined variable: limit E:\xampp\htdocs\egdouban\Application\Home\Controller\IndexController.class.php 第 8 行.
NOTIC: [8] Undefined variable: order E:\xampp\htdocs\egdouban\Application\Home\Controller\IndexController.class.php 第 8 行.
SQL: SELECT * FROM `goods`  [ RunTime:0.0010s ]
INFO: [ view_parse ] --START--
INFO: [ template_filter ] --START--
INFO: Run Behavior\ContentReplaceBehavior [ RunTime:0.000000s ]
INFO: [ template_filter ] --END-- [ RunTime:0.000000s ]

[ 2018-05-27T10:35:58+08:00 ] 127.0.0.1 /
INFO: [ app_init ] --START--
INFO: Run Behavior\BuildLiteBehavior [ RunTime:0.000000s ]
INFO: [ app_init ] --END-- [ RunTime:0.001000s ]
INFO: [ app_begin ] --START--
INFO: Run Behavior\ReadHtmlCacheBehavior [ RunTime:0.001001s ]
INFO: [ app_begin ] --END-- [ RunTime:0.001001s ]
NOTIC: [8] A session had already been started - ignoring session_start() E:\xampp\htdocs\egdouban\ThinkPHP\Common\functions.php 第 1263 行.
SQL: SHOW COLUMNS FROM `ad` [ RunTime:0.0090s ]
NOTIC: [8] Undefined variable: where E:\xampp\htdocs\egdouban\Application\Home\Controller\IndexController.class.php 第 6 行.
NOTIC: [8] Undefined variable: offset E:\xampp\htdocs\egdouban\Application\Home\Controller\IndexController.class.php 第 6 行.
NOTIC: [8] Undefined variable: limit E:\xampp\htdocs\egdouban\Application\Home\Controller\IndexController.class.php 第 6 行.
NOTIC: [8] Undefined variable: order E:\xampp\htdocs\egdouban\Application\Home\Controller\IndexController.class.php 第 6 行.
SQL: SELECT * FROM `ad`  [ RunTime:0.0010s ]
SQL: SHOW COLUMNS FROM `goods` [ RunTime:0.0090s ]
NOTIC: [8] Undefined variable: where E:\xampp\htdocs\egdouban\Application\Home\Controller\IndexController.class.php 第 8 行.
NOTIC: [8] Undefined variable: offset E:\xampp\htdocs\egdouban\Application\Home\Controller\IndexController.class.php 第 8 行.
NOTIC: [8] Undefined variable: limit E:\xampp\htdocs\egdouban\Application\Home\Controller\IndexController.class.php 第 8 行.
NOTIC: [8] Undefined variable: order E:\xampp\htdocs\egdouban\Application\Home\Controller\IndexController.class.php 第 8 行.
SQL: SELECT * FROM `goods`  [ RunTime:0.0010s ]
INFO: [ view_parse ] --START--
INFO: [ template_filter ] --START--
INFO: Run Behavior\ContentReplaceBehavior [ RunTime:0.000000s ]
INFO: [ template_filter ] --END-- [ RunTime:0.000000s ]
INFO: Run Behavior\ParseTemplateBehavior [ RunTime:0.009000s ]
INFO: [ view_parse ] --END-- [ RunTime:0.009000s ]
INFO: [ view_filter ] --START--
INFO: Run Behavior\WriteHtmlCacheBehavior [ RunTime:0.000000s ]
INFO: [ view_filter ] --END-- [ RunTime:0.000000s ]
INFO: [ app_end ] --START--
INFO: Run Behavior\ShowPageTraceBehavior [ RunTime:0.000000s ]
INFO: [ app_end ] --END-- [ RunTime:0.000000s ]

[ 2018-05-27T10:36:51+08:00 ] 127.0.0.1 /
INFO: [ app_init ] --START--
INFO: Run Behavior\BuildLiteBehavior [ RunTime:0.000000s ]
INFO: [ app_init ] --END-- [ RunTime:0.001000s ]
INFO: [ app_begin ] --START--
INFO: Run Behavior\ReadHtmlCacheBehavior [ RunTime:0.001000s ]
INFO: [ app_begin ] --END-- [ RunTime:0.001000s ]
NOTIC: [8] A session had already been started - ignoring session_start() E:\xampp\htdocs\egdouban\ThinkPHP\Common\functions.php 第 1263 行.
SQL: SHOW COLUMNS FROM `ad` [ RunTime:0.0100s ]
NOTIC: [8] Undefined variable: where E:\xampp\htdocs\egdouban\Application\Home\Controller\IndexController.class.php 第 6 行.
NOTIC: [8] Undefined variable: offset E:\xampp\htdocs\egdouban\Application\Home\Controller\IndexController.class.php 第 6 行.
NOTIC: [8] Undefined variable: limit E:\xampp\htdocs\egdouban\Application\Home\Controller\IndexController.class.php 第 6 行.
NOTIC: [8] Undefined variable: order E:\xampp\htdocs\egdouban\Application\Home\Controller\IndexController.class.php 第 6 行.
SQL: SELECT * FROM `ad`  [ RunTime:0.0030s ]
SQL: SHOW COLUMNS FROM `goods` [ RunTime:0.0120s ]
NOTIC: [8] Undefined variable: where E:\xampp\htdocs\egdouban\Application\Home\Controller\IndexController.class.php 第 8 行.
NOTIC: [8] Undefined variable: offset E:\xampp\htdocs\egdouban\Application\Home\Controller\IndexController.class.php 第 8 行.
NOTIC: [8] Undefined variable: limit E:\xampp\htdocs\egdouban\Application\Home\Controller\IndexController.class.php 第 8 行.
NOTIC: [8] Undefined variable: order E:\xampp\htdocs\egdouban\Application\Home\Controller\IndexController.class.php 第 8 行.
SQL: SELECT * FROM `goods`  [ RunTime:0.0000s ]
INFO: [ view_parse ] --START--
INFO: [ template_filter ] --START--
INFO: Run Behavior\ContentReplaceBehavior [ RunTime:0.000000s ]
INFO: [ template_filter ] --END-- [ RunTime:0.000000s ]
INFO: Run Behavior\ParseTemplateBehavior [ RunTime:0.013001s ]
INFO: [ view_parse ] --END-- [ RunTime:0.013001s ]
INFO: [ view_filter ] --START--
INFO: Run Behavior\WriteHtmlCacheBehavior [ RunTime:0.000000s ]
INFO: [ view_filter ] --END-- [ RunTime:0.000000s ]
INFO: [ app_end ] --START--
INFO: Run Behavior\ShowPageTraceBehavior [ RunTime:0.001000s ]
INFO: [ app_end ] --END-- [ RunTime:0.001000s ]

[ 2018-05-27T10:50:51+08:00 ] 127.0.0.1 /
INFO: [ app_init ] --START--
INFO: Run Behavior\BuildLiteBehavior [ RunTime:0.000000s ]
INFO: [ app_init ] --END-- [ RunTime:0.001000s ]
INFO: [ app_begin ] --START--
INFO: Run Behavior\ReadHtmlCacheBehavior [ RunTime:0.001000s ]
INFO: [ app_begin ] --END-- [ RunTime:0.001000s ]
NOTIC: [8] A session had already been started - ignoring session_start() E:\xampp\htdocs\egdouban\ThinkPHP\Common\functions.php 第 1263 行.
SQL: SHOW COLUMNS FROM `ad` [ RunTime:0.0090s ]
NOTIC: [8] Undefined variable: where E:\xampp\htdocs\egdouban\Application\Home\Controller\IndexController.class.php 第 6 行.
NOTIC: [8] Undefined variable: offset E:\xampp\htdocs\egdouban\Application\Home\Controller\IndexController.class.php 第 6 行.
NOTIC: [8] Undefined variable: limit E:\xampp\htdocs\egdouban\Application\Home\Controller\IndexController.class.php 第 6 行.
NOTIC: [8] Undefined variable: order E:\xampp\htdocs\egdouban\Application\Home\Controller\IndexController.class.php 第 6 行.
SQL: SELECT * FROM `ad`  [ RunTime:0.0010s ]
SQL: SHOW COLUMNS FROM `goods` [ RunTime:0.0080s ]
NOTIC: [8] Undefined variable: where E:\xampp\htdocs\egdouban\Application\Home\Controller\IndexController.class.php 第 8 行.
NOTIC: [8] Undefined variable: offset E:\xampp\htdocs\egdouban\Application\Home\Controller\IndexController.class.php 第 8 行.
NOTIC: [8] Undefined variable: limit E:\xampp\htdocs\egdouban\Application\Home\Controller\IndexController.class.php 第 8 行.
NOTIC: [8] Undefined variable: order E:\xampp\htdocs\egdouban\Application\Home\Controller\IndexController.class.php 第 8 行.
SQL: SELECT * FROM `goods`  [ RunTime:0.0010s ]
ERR: 1146:Table 'shop.ucomments' doesn't exist
 [ SQL语句 ] : SHOW COLUMNS FROM `ucomments`
ERR: 1146:Table 'shop.ucomments' doesn't exist
 [ SQL语句 ] : SHOW COLUMNS FROM `ucomments`

[ 2018-05-27T10:51:51+08:00 ] 127.0.0.1 /
INFO: [ app_init ] --START--
INFO: Run Behavior\BuildLiteBehavior [ RunTime:0.000000s ]
INFO: [ app_init ] --END-- [ RunTime:0.000000s ]
INFO: [ app_begin ] --START--
INFO: Run Behavior\ReadHtmlCacheBehavior [ RunTime:0.001000s ]
INFO: [ app_begin ] --END-- [ RunTime:0.001000s ]
NOTIC: [8] A session had already been started - ignoring session_start() E:\xampp\htdocs\egdouban\ThinkPHP\Common\functions.php 第 1263 行.
SQL: SHOW COLUMNS FROM `ad` [ RunTime:0.0080s ]
NOTIC: [8] Undefined variable: where E:\xampp\htdocs\egdouban\Application\Home\Controller\IndexController.class.php 第 6 行.
NOTIC: [8] Undefined variable: offset E:\xampp\htdocs\egdouban\Application\Home\Controller\IndexController.class.php 第 6 行.
NOTIC: [8] Undefined variable: limit E:\xampp\htdocs\egdouban\Application\Home\Controller\IndexController.class.php 第 6 行.
NOTIC: [8] Undefined variable: order E:\xampp\htdocs\egdouban\Application\Home\Controller\IndexController.class.php 第 6 行.
SQL: SELECT * FROM `ad`  [ RunTime:0.0000s ]
SQL: SHOW COLUMNS FROM `goods` [ RunTime:0.0080s ]
NOTIC: [8] Undefined variable: where E:\xampp\htdocs\egdouban\Application\Home\Controller\IndexController.class.php 第 8 行.
NOTIC: [8] Undefined variable: offset E:\xampp\htdocs\egdouban\Application\Home\Controller\IndexController.class.php 第 8 行.
NOTIC: [8] Undefined variable: limit E:\xampp\htdocs\egdouban\Application\Home\Controller\IndexController.class.php 第 8 行.
NOTIC: [8] Undefined variable: order E:\xampp\htdocs\egdouban\Application\Home\Controller\IndexController.class.php 第 8 行.
SQL: SELECT * FROM `goods`  [ RunTime:0.0000s ]
ERR: 1146:Table 'shop.ucomments' doesn't exist
 [ SQL语句 ] : SHOW COLUMNS FROM `ucomments`
ERR: 1146:Table 'shop.ucomments' doesn't exist
 [ SQL语句 ] : SHOW COLUMNS FROM `ucomments`

[ 2018-05-27T10:51:52+08:00 ] 127.0.0.1 /
INFO: [ app_init ] --START--
INFO: Run Behavior\BuildLiteBehavior [ RunTime:0.000000s ]
INFO: [ app_init ] --END-- [ RunTime:0.000000s ]
INFO: [ app_begin ] --START--
INFO: Run Behavior\ReadHtmlCacheBehavior [ RunTime:0.001000s ]
INFO: [ app_begin ] --END-- [ RunTime:0.001000s ]
NOTIC: [8] A session had already been started - ignoring session_start() E:\xampp\htdocs\egdouban\ThinkPHP\Common\functions.php 第 1263 行.
SQL: SHOW COLUMNS FROM `ad` [ RunTime:0.0090s ]
NOTIC: [8] Undefined variable: where E:\xampp\htdocs\egdouban\Application\Home\Controller\IndexController.class.php 第 6 行.
NOTIC: [8] Undefined variable: offset E:\xampp\htdocs\egdouban\Application\Home\Controller\IndexController.class.php 第 6 行.
NOTIC: [8] Undefined variable: limit E:\xampp\htdocs\egdouban\Application\Home\Controller\IndexController.class.php 第 6 行.
NOTIC: [8] Undefined variable: order E:\xampp\htdocs\egdouban\Application\Home\Controller\IndexController.class.php 第 6 行.
SQL: SELECT * FROM `ad`  [ RunTime:0.0010s ]
SQL: SHOW COLUMNS FROM `goods` [ RunTime:0.0090s ]
NOTIC: [8] Undefined variable: where E:\xampp\htdocs\egdouban\Application\Home\Controller\IndexController.class.php 第 8 行.
NOTIC: [8] Undefined variable: offset E:\xampp\htdocs\egdouban\Application\Home\Controller\IndexController.class.php 第 8 行.
NOTIC: [8] Undefined variable: limit E:\xampp\htdocs\egdouban\Application\Home\Controller\IndexController.class.php 第 8 行.
NOTIC: [8] Undefined variable: order E:\xampp\htdocs\egdouban\Application\Home\Controller\IndexController.class.php 第 8 行.
SQL: SELECT * FROM `goods`  [ RunTime:0.0010s ]
ERR: 1146:Table 'shop.ucomments' doesn't exist
 [ SQL语句 ] : SHOW COLUMNS FROM `ucomments`
ERR: 1146:Table 'shop.ucomments' doesn't exist
 [ SQL语句 ] : SHOW COLUMNS FROM `ucomments`

[ 2018-05-27T10:51:52+08:00 ] 127.0.0.1 /
INFO: [ app_init ] --START--
INFO: Run Behavior\BuildLiteBehavior [ RunTime:0.000000s ]
INFO: [ app_init ] --END-- [ RunTime:0.000000s ]
INFO: [ app_begin ] --START--
INFO: Run Behavior\ReadHtmlCacheBehavior [ RunTime:0.001000s ]
INFO: [ app_begin ] --END-- [ RunTime:0.001000s ]
NOTIC: [8] A session had already been started - ignoring session_start() E:\xampp\htdocs\egdouban\ThinkPHP\Common\functions.php 第 1263 行.
SQL: SHOW COLUMNS FROM `ad` [ RunTime:0.0110s ]
NOTIC: [8] Undefined variable: where E:\xampp\htdocs\egdouban\Application\Home\Controller\IndexController.class.php 第 6 行.
NOTIC: [8] Undefined variable: offset E:\xampp\htdocs\egdouban\Application\Home\Controller\IndexController.class.php 第 6 行.
NOTIC: [8] Undefined variable: limit E:\xampp\htdocs\egdouban\Application\Home\Controller\IndexController.class.php 第 6 行.
NOTIC: [8] Undefined variable: order E:\xampp\htdocs\egdouban\Application\Home\Controller\IndexController.class.php 第 6 行.
SQL: SELECT * FROM `ad`  [ RunTime:0.0010s ]
SQL: SHOW COLUMNS FROM `goods` [ RunTime:0.0100s ]
NOTIC: [8] Undefined variable: where E:\xampp\htdocs\egdouban\Application\Home\Controller\IndexController.class.php 第 8 行.
NOTIC: [8] Undefined variable: offset E:\xampp\htdocs\egdouban\Application\Home\Controller\IndexController.class.php 第 8 行.
NOTIC: [8] Undefined variable: limit E:\xampp\htdocs\egdouban\Application\Home\Controller\IndexController.class.php 第 8 行.
NOTIC: [8] Undefined variable: order E:\xampp\htdocs\egdouban\Application\Home\Controller\IndexController.class.php 第 8 行.
SQL: SELECT * FROM `goods`  [ RunTime:0.0010s ]
ERR: 1146:Table 'shop.ucomments' doesn't exist
 [ SQL语句 ] : SHOW COLUMNS FROM `ucomments`
ERR: 1146:Table 'shop.ucomments' doesn't exist
 [ SQL语句 ] : SHOW COLUMNS FROM `ucomments`

[ 2018-05-27T10:51:52+08:00 ] 127.0.0.1 /
INFO: [ app_init ] --START--
INFO: Run Behavior\BuildLiteBehavior [ RunTime:0.000000s ]
INFO: [ app_init ] --END-- [ RunTime:0.000000s ]
INFO: [ app_begin ] --START--
INFO: Run Behavior\ReadHtmlCacheBehavior [ RunTime:0.001000s ]
INFO: [ app_begin ] --END-- [ RunTime:0.001000s ]
NOTIC: [8] A session had already been started - ignoring session_start() E:\xampp\htdocs\egdouban\ThinkPHP\Common\functions.php 第 1263 行.
SQL: SHOW COLUMNS FROM `ad` [ RunTime:0.0100s ]
NOTIC: [8] Undefined variable: where E:\xampp\htdocs\egdouban\Application\Home\Controller\IndexController.class.php 第 6 行.
NOTIC: [8] Undefined variable: offset E:\xampp\htdocs\egdouban\Application\Home\Controller\IndexController.class.php 第 6 行.
NOTIC: [8] Undefined variable: limit E:\xampp\htdocs\egdouban\Application\Home\Controller\IndexController.class.php 第 6 行.
NOTIC: [8] Undefined variable: order E:\xampp\htdocs\egdouban\Application\Home\Controller\IndexController.class.php 第 6 行.
SQL: SELECT * FROM `ad`  [ RunTime:0.0010s ]
SQL: SHOW COLUMNS FROM `goods` [ RunTime:0.0090s ]
NOTIC: [8] Undefined variable: where E:\xampp\htdocs\egdouban\Application\Home\Controller\IndexController.class.php 第 8 行.
NOTIC: [8] Undefined variable: offset E:\xampp\htdocs\egdouban\Application\Home\Controller\IndexController.class.php 第 8 行.
NOTIC: [8] Undefined variable: limit E:\xampp\htdocs\egdouban\Application\Home\Controller\IndexController.class.php 第 8 行.
NOTIC: [8] Undefined variable: order E:\xampp\htdocs\egdouban\Application\Home\Controller\IndexController.class.php 第 8 行.
SQL: SELECT * FROM `goods`  [ RunTime:0.0010s ]
ERR: 1146:Table 'shop.ucomments' doesn't exist
 [ SQL语句 ] : SHOW COLUMNS FROM `ucomments`
ERR: 1146:Table 'shop.ucomments' doesn't exist
 [ SQL语句 ] : SHOW COLUMNS FROM `ucomments`

[ 2018-05-27T10:53:20+08:00 ] 127.0.0.1 /
INFO: [ app_init ] --START--
INFO: Run Behavior\BuildLiteBehavior [ RunTime:0.000000s ]
INFO: [ app_init ] --END-- [ RunTime:0.000000s ]
INFO: [ app_begin ] --START--
INFO: Run Behavior\ReadHtmlCacheBehavior [ RunTime:0.000000s ]
INFO: [ app_begin ] --END-- [ RunTime:0.001000s ]
NOTIC: [8] A session had already been started - ignoring session_start() E:\xampp\htdocs\egdouban\ThinkPHP\Common\functions.php 第 1263 行.
SQL: SHOW COLUMNS FROM `ad` [ RunTime:0.0100s ]
NOTIC: [8] Undefined variable: where E:\xampp\htdocs\egdouban\Application\Home\Controller\IndexController.class.php 第 6 行.
NOTIC: [8] Undefined variable: offset E:\xampp\htdocs\egdouban\Application\Home\Controller\IndexController.class.php 第 6 行.
NOTIC: [8] Undefined variable: limit E:\xampp\htdocs\egdouban\Application\Home\Controller\IndexController.class.php 第 6 行.
NOTIC: [8] Undefined variable: order E:\xampp\htdocs\egdouban\Application\Home\Controller\IndexController.class.php 第 6 行.
SQL: SELECT * FROM `ad`  [ RunTime:0.0010s ]
SQL: SHOW COLUMNS FROM `goods` [ RunTime:0.0080s ]
NOTIC: [8] Undefined variable: where E:\xampp\htdocs\egdouban\Application\Home\Controller\IndexController.class.php 第 8 行.
NOTIC: [8] Undefined variable: offset E:\xampp\htdocs\egdouban\Application\Home\Controller\IndexController.class.php 第 8 行.
NOTIC: [8] Undefined variable: limit E:\xampp\htdocs\egdouban\Application\Home\Controller\IndexController.class.php 第 8 行.
NOTIC: [8] Undefined variable: order E:\xampp\htdocs\egdouban\Application\Home\Controller\IndexController.class.php 第 8 行.
SQL: SELECT * FROM `goods`  [ RunTime:0.0010s ]
SQL: SHOW COLUMNS FROM `ucomment` [ RunTime:0.0080s ]
NOTIC: [8] Undefined variable: where E:\xampp\htdocs\egdouban\Application\Home\Controller\IndexController.class.php 第 10 行.
NOTIC: [8] Undefined variable: offset E:\xampp\htdocs\egdouban\Application\Home\Controller\IndexController.class.php 第 10 行.
NOTIC: [8] Undefined variable: limit E:\xampp\htdocs\egdouban\Application\Home\Controller\IndexController.class.php 第 10 行.
NOTIC: [8] Undefined variable: order E:\xampp\htdocs\egdouban\Application\Home\Controller\IndexController.class.php 第 10 行.
SQL: SELECT * FROM `ucomment`  [ RunTime:0.0000s ]
INFO: [ view_parse ] --START--
INFO: [ template_filter ] --START--
INFO: Run Behavior\ContentReplaceBehavior [ RunTime:0.000000s ]
INFO: [ template_filter ] --END-- [ RunTime:0.000000s ]
NOTIC: [8] Undefined variable: valus E:\xampp\htdocs\egdouban\Application\Runtime\Cache\Home\2a94b8bda04ff446dcedd42276fc99ee.php 第 63 行.

[ 2018-05-27T10:53:51+08:00 ] 127.0.0.1 /
INFO: [ app_init ] --START--
INFO: Run Behavior\BuildLiteBehavior [ RunTime:0.000000s ]
INFO: [ app_init ] --END-- [ RunTime:0.001000s ]
INFO: [ app_begin ] --START--
INFO: Run Behavior\ReadHtmlCacheBehavior [ RunTime:0.001000s ]
INFO: [ app_begin ] --END-- [ RunTime:0.001000s ]
NOTIC: [8] A session had already been started - ignoring session_start() E:\xampp\htdocs\egdouban\ThinkPHP\Common\functions.php 第 1263 行.
SQL: SHOW COLUMNS FROM `ad` [ RunTime:0.0100s ]
NOTIC: [8] Undefined variable: where E:\xampp\htdocs\egdouban\Application\Home\Controller\IndexController.class.php 第 6 行.
NOTIC: [8] Undefined variable: offset E:\xampp\htdocs\egdouban\Application\Home\Controller\IndexController.class.php 第 6 行.
NOTIC: [8] Undefined variable: limit E:\xampp\htdocs\egdouban\Application\Home\Controller\IndexController.class.php 第 6 行.
NOTIC: [8] Undefined variable: order E:\xampp\htdocs\egdouban\Application\Home\Controller\IndexController.class.php 第 6 行.
SQL: SELECT * FROM `ad`  [ RunTime:0.0010s ]
SQL: SHOW COLUMNS FROM `goods` [ RunTime:0.0080s ]
NOTIC: [8] Undefined variable: where E:\xampp\htdocs\egdouban\Application\Home\Controller\IndexController.class.php 第 8 行.
NOTIC: [8] Undefined variable: offset E:\xampp\htdocs\egdouban\Application\Home\Controller\IndexController.class.php 第 8 行.
NOTIC: [8] Undefined variable: limit E:\xampp\htdocs\egdouban\Application\Home\Controller\IndexController.class.php 第 8 行.
NOTIC: [8] Undefined variable: order E:\xampp\htdocs\egdouban\Application\Home\Controller\IndexController.class.php 第 8 行.
SQL: SELECT * FROM `goods`  [ RunTime:0.0010s ]
SQL: SHOW COLUMNS FROM `ucomment` [ RunTime:0.0090s ]
NOTIC: [8] Undefined variable: where E:\xampp\htdocs\egdouban\Application\Home\Controller\IndexController.class.php 第 10 行.
NOTIC: [8] Undefined variable: offset E:\xampp\htdocs\egdouban\Application\Home\Controller\IndexController.class.php 第 10 行.
NOTIC: [8] Undefined variable: limit E:\xampp\htdocs\egdouban\Application\Home\Controller\IndexController.class.php 第 10 行.
NOTIC: [8] Undefined variable: order E:\xampp\htdocs\egdouban\Application\Home\Controller\IndexController.class.php 第 10 行.
SQL: SELECT * FROM `ucomment`  [ RunTime:0.0010s ]
INFO: [ view_parse ] --START--
INFO: [ template_filter ] --START--
INFO: Run Behavior\ContentReplaceBehavior [ RunTime:0.000000s ]
INFO: [ template_filter ] --END-- [ RunTime:0.000000s ]

[ 2018-05-27T10:53:52+08:00 ] 127.0.0.1 /
INFO: [ app_init ] --START--
INFO: Run Behavior\BuildLiteBehavior [ RunTime:0.000000s ]
INFO: [ app_init ] --END-- [ RunTime:0.001001s ]
INFO: [ app_begin ] --START--
INFO: Run Behavior\ReadHtmlCacheBehavior [ RunTime:0.000000s ]
INFO: [ app_begin ] --END-- [ RunTime:0.000000s ]
NOTIC: [8] A session had already been started - ignoring session_start() E:\xampp\htdocs\egdouban\ThinkPHP\Common\functions.php 第 1263 行.
SQL: SHOW COLUMNS FROM `ad` [ RunTime:0.0080s ]
NOTIC: [8] Undefined variable: where E:\xampp\htdocs\egdouban\Application\Home\Controller\IndexController.class.php 第 6 行.
NOTIC: [8] Undefined variable: offset E:\xampp\htdocs\egdouban\Application\Home\Controller\IndexController.class.php 第 6 行.
NOTIC: [8] Undefined variable: limit E:\xampp\htdocs\egdouban\Application\Home\Controller\IndexController.class.php 第 6 行.
NOTIC: [8] Undefined variable: order E:\xampp\htdocs\egdouban\Application\Home\Controller\IndexController.class.php 第 6 行.
SQL: SELECT * FROM `ad`  [ RunTime:0.0010s ]
SQL: SHOW COLUMNS FROM `goods` [ RunTime:0.0090s ]
NOTIC: [8] Undefined variable: where E:\xampp\htdocs\egdouban\Application\Home\Controller\IndexController.class.php 第 8 行.
NOTIC: [8] Undefined variable: offset E:\xampp\htdocs\egdouban\Application\Home\Controller\IndexController.class.php 第 8 行.
NOTIC: [8] Undefined variable: limit E:\xampp\htdocs\egdouban\Application\Home\Controller\IndexController.class.php 第 8 行.
NOTIC: [8] Undefined variable: order E:\xampp\htdocs\egdouban\Application\Home\Controller\IndexController.class.php 第 8 行.
SQL: SELECT * FROM `goods`  [ RunTime:0.0010s ]
SQL: SHOW COLUMNS FROM `ucomment` [ RunTime:0.0080s ]
NOTIC: [8] Undefined variable: where E:\xampp\htdocs\egdouban\Application\Home\Controller\IndexController.class.php 第 10 行.
NOTIC: [8] Undefined variable: offset E:\xampp\htdocs\egdouban\Application\Home\Controller\IndexController.class.php 第 10 行.
NOTIC: [8] Undefined variable: limit E:\xampp\htdocs\egdouban\Application\Home\Controller\IndexController.class.php 第 10 行.
NOTIC: [8] Undefined variable: order E:\xampp\htdocs\egdouban\Application\Home\Controller\IndexController.class.php 第 10 行.
SQL: SELECT * FROM `ucomment`  [ RunTime:0.0010s ]
INFO: [ view_parse ] --START--
INFO: [ template_filter ] --START--
INFO: Run Behavior\ContentReplaceBehavior [ RunTime:0.000000s ]
INFO: [ template_filter ] --END-- [ RunTime:0.000000s ]

[ 2018-05-27T10:53:52+08:00 ] 127.0.0.1 /
INFO: [ app_init ] --START--
INFO: Run Behavior\BuildLiteBehavior [ RunTime:0.000000s ]
INFO: [ app_init ] --END-- [ RunTime:0.001000s ]
INFO: [ app_begin ] --START--
INFO: Run Behavior\ReadHtmlCacheBehavior [ RunTime:0.001000s ]
INFO: [ app_begin ] --END-- [ RunTime:0.001000s ]
NOTIC: [8] A session had already been started - ignoring session_start() E:\xampp\htdocs\egdouban\ThinkPHP\Common\functions.php 第 1263 行.
SQL: SHOW COLUMNS FROM `ad` [ RunTime:0.0070s ]
NOTIC: [8] Undefined variable: where E:\xampp\htdocs\egdouban\Application\Home\Controller\IndexController.class.php 第 6 行.
NOTIC: [8] Undefined variable: offset E:\xampp\htdocs\egdouban\Application\Home\Controller\IndexController.class.php 第 6 行.
NOTIC: [8] Undefined variable: limit E:\xampp\htdocs\egdouban\Application\Home\Controller\IndexController.class.php 第 6 行.
NOTIC: [8] Undefined variable: order E:\xampp\htdocs\egdouban\Application\Home\Controller\IndexController.class.php 第 6 行.
SQL: SELECT * FROM `ad`  [ RunTime:0.0010s ]
SQL: SHOW COLUMNS FROM `goods` [ RunTime:0.0080s ]
NOTIC: [8] Undefined variable: where E:\xampp\htdocs\egdouban\Application\Home\Controller\IndexController.class.php 第 8 行.
NOTIC: [8] Undefined variable: offset E:\xampp\htdocs\egdouban\Application\Home\Controller\IndexController.class.php 第 8 行.
NOTIC: [8] Undefined variable: limit E:\xampp\htdocs\egdouban\Application\Home\Controller\IndexController.class.php 第 8 行.
NOTIC: [8] Undefined variable: order E:\xampp\htdocs\egdouban\Application\Home\Controller\IndexController.class.php 第 8 行.
SQL: SELECT * FROM `goods`  [ RunTime:0.0010s ]
SQL: SHOW COLUMNS FROM `ucomment` [ RunTime:0.0100s ]
NOTIC: [8] Undefined variable: where E:\xampp\htdocs\egdouban\Application\Home\Controller\IndexController.class.php 第 10 行.
NOTIC: [8] Undefined variable: offset E:\xampp\htdocs\egdouban\Application\Home\Controller\IndexController.class.php 第 10 行.
NOTIC: [8] Undefined variable: limit E:\xampp\htdocs\egdouban\Application\Home\Controller\IndexController.class.php 第 10 行.
NOTIC: [8] Undefined variable: order E:\xampp\htdocs\egdouban\Application\Home\Controller\IndexController.class.php 第 10 行.
SQL: SELECT * FROM `ucomment`  [ RunTime:0.0010s ]
INFO: [ view_parse ] --START--
INFO: [ template_filter ] --START--
INFO: Run Behavior\ContentReplaceBehavior [ RunTime:0.001000s ]
INFO: [ template_filter ] --END-- [ RunTime:0.001000s ]

[ 2018-05-27T10:53:52+08:00 ] 127.0.0.1 /
INFO: [ app_init ] --START--
INFO: Run Behavior\BuildLiteBehavior [ RunTime:0.000000s ]
INFO: [ app_init ] --END-- [ RunTime:0.000000s ]
INFO: [ app_begin ] --START--
INFO: Run Behavior\ReadHtmlCacheBehavior [ RunTime:0.000000s ]
INFO: [ app_begin ] --END-- [ RunTime:0.000000s ]
NOTIC: [8] A session had already been started - ignoring session_start() E:\xampp\htdocs\egdouban\ThinkPHP\Common\functions.php 第 1263 行.
SQL: SHOW COLUMNS FROM `ad` [ RunTime:0.0090s ]
NOTIC: [8] Undefined variable: where E:\xampp\htdocs\egdouban\Application\Home\Controller\IndexController.class.php 第 6 行.
NOTIC: [8] Undefined variable: offset E:\xampp\htdocs\egdouban\Application\Home\Controller\IndexController.class.php 第 6 行.
NOTIC: [8] Undefined variable: limit E:\xampp\htdocs\egdouban\Application\Home\Controller\IndexController.class.php 第 6 行.
NOTIC: [8] Undefined variable: order E:\xampp\htdocs\egdouban\Application\Home\Controller\IndexController.class.php 第 6 行.
SQL: SELECT * FROM `ad`  [ RunTime:0.0020s ]
SQL: SHOW COLUMNS FROM `goods` [ RunTime:0.0100s ]
NOTIC: [8] Undefined variable: where E:\xampp\htdocs\egdouban\Application\Home\Controller\IndexController.class.php 第 8 行.
NOTIC: [8] Undefined variable: offset E:\xampp\htdocs\egdouban\Application\Home\Controller\IndexController.class.php 第 8 行.
NOTIC: [8] Undefined variable: limit E:\xampp\htdocs\egdouban\Application\Home\Controller\IndexController.class.php 第 8 行.
NOTIC: [8] Undefined variable: order E:\xampp\htdocs\egdouban\Application\Home\Controller\IndexController.class.php 第 8 行.
SQL: SELECT * FROM `goods`  [ RunTime:0.0010s ]
SQL: SHOW COLUMNS FROM `ucomment` [ RunTime:0.0090s ]
NOTIC: [8] Undefined variable: where E:\xampp\htdocs\egdouban\Application\Home\Controller\IndexController.class.php 第 10 行.
NOTIC: [8] Undefined variable: offset E:\xampp\htdocs\egdouban\Application\Home\Controller\IndexController.class.php 第 10 行.
NOTIC: [8] Undefined variable: limit E:\xampp\htdocs\egdouban\Application\Home\Controller\IndexController.class.php 第 10 行.
NOTIC: [8] Undefined variable: order E:\xampp\htdocs\egdouban\Application\Home\Controller\IndexController.class.php 第 10 行.
SQL: SELECT * FROM `ucomment`  [ RunTime:0.0010s ]
INFO: [ view_parse ] --START--
INFO: [ template_filter ] --START--
INFO: Run Behavior\ContentReplaceBehavior [ RunTime:0.000000s ]
INFO: [ template_filter ] --END-- [ RunTime:0.000000s ]

[ 2018-05-27T10:53:53+08:00 ] 127.0.0.1 /
INFO: [ app_init ] --START--
INFO: Run Behavior\BuildLiteBehavior [ RunTime:0.000000s ]
INFO: [ app_init ] --END-- [ RunTime:0.001000s ]
INFO: [ app_begin ] --START--
INFO: Run Behavior\ReadHtmlCacheBehavior [ RunTime:0.000000s ]
INFO: [ app_begin ] --END-- [ RunTime:0.000000s ]
NOTIC: [8] A session had already been started - ignoring session_start() E:\xampp\htdocs\egdouban\ThinkPHP\Common\functions.php 第 1263 行.
SQL: SHOW COLUMNS FROM `ad` [ RunTime:0.0090s ]
NOTIC: [8] Undefined variable: where E:\xampp\htdocs\egdouban\Application\Home\Controller\IndexController.class.php 第 6 行.
NOTIC: [8] Undefined variable: offset E:\xampp\htdocs\egdouban\Application\Home\Controller\IndexController.class.php 第 6 行.
NOTIC: [8] Undefined variable: limit E:\xampp\htdocs\egdouban\Application\Home\Controller\IndexController.class.php 第 6 行.
NOTIC: [8] Undefined variable: order E:\xampp\htdocs\egdouban\Application\Home\Controller\IndexController.class.php 第 6 行.
SQL: SELECT * FROM `ad`  [ RunTime:0.0010s ]
SQL: SHOW COLUMNS FROM `goods` [ RunTime:0.0100s ]
NOTIC: [8] Undefined variable: where E:\xampp\htdocs\egdouban\Application\Home\Controller\IndexController.class.php 第 8 行.
NOTIC: [8] Undefined variable: offset E:\xampp\htdocs\egdouban\Application\Home\Controller\IndexController.class.php 第 8 行.
NOTIC: [8] Undefined variable: limit E:\xampp\htdocs\egdouban\Application\Home\Controller\IndexController.class.php 第 8 行.
NOTIC: [8] Undefined variable: order E:\xampp\htdocs\egdouban\Application\Home\Controller\IndexController.class.php 第 8 行.
SQL: SELECT * FROM `goods`  [ RunTime:0.0010s ]
SQL: SHOW COLUMNS FROM `ucomment` [ RunTime:0.0100s ]
NOTIC: [8] Undefined variable: where E:\xampp\htdocs\egdouban\Application\Home\Controller\IndexController.class.php 第 10 行.
NOTIC: [8] Undefined variable: offset E:\xampp\htdocs\egdouban\Application\Home\Controller\IndexController.class.php 第 10 行.
NOTIC: [8] Undefined variable: limit E:\xampp\htdocs\egdouban\Application\Home\Controller\IndexController.class.php 第 10 行.
NOTIC: [8] Undefined variable: order E:\xampp\htdocs\egdouban\Application\Home\Controller\IndexController.class.php 第 10 行.
SQL: SELECT * FROM `ucomment`  [ RunTime:0.0010s ]
INFO: [ view_parse ] --START--
INFO: [ template_filter ] --START--
INFO: Run Behavior\ContentReplaceBehavior [ RunTime:0.000000s ]
INFO: [ template_filter ] --END-- [ RunTime:0.000000s ]

[ 2018-05-27T10:53:53+08:00 ] 127.0.0.1 /
INFO: [ app_init ] --START--
INFO: Run Behavior\BuildLiteBehavior [ RunTime:0.000000s ]
INFO: [ app_init ] --END-- [ RunTime:0.000000s ]
INFO: [ app_begin ] --START--
INFO: Run Behavior\ReadHtmlCacheBehavior [ RunTime:0.001000s ]
INFO: [ app_begin ] --END-- [ RunTime:0.001000s ]
NOTIC: [8] A session had already been started - ignoring session_start() E:\xampp\htdocs\egdouban\ThinkPHP\Common\functions.php 第 1263 行.
SQL: SHOW COLUMNS FROM `ad` [ RunTime:0.0100s ]
NOTIC: [8] Undefined variable: where E:\xampp\htdocs\egdouban\Application\Home\Controller\IndexController.class.php 第 6 行.
NOTIC: [8] Undefined variable: offset E:\xampp\htdocs\egdouban\Application\Home\Controller\IndexController.class.php 第 6 行.
NOTIC: [8] Undefined variable: limit E:\xampp\htdocs\egdouban\Application\Home\Controller\IndexController.class.php 第 6 行.
NOTIC: [8] Undefined variable: order E:\xampp\htdocs\egdouban\Application\Home\Controller\IndexController.class.php 第 6 行.
SQL: SELECT * FROM `ad`  [ RunTime:0.0000s ]
SQL: SHOW COLUMNS FROM `goods` [ RunTime:0.0100s ]
NOTIC: [8] Undefined variable: where E:\xampp\htdocs\egdouban\Application\Home\Controller\IndexController.class.php 第 8 行.
NOTIC: [8] Undefined variable: offset E:\xampp\htdocs\egdouban\Application\Home\Controller\IndexController.class.php 第 8 行.
NOTIC: [8] Undefined variable: limit E:\xampp\htdocs\egdouban\Application\Home\Controller\IndexController.class.php 第 8 行.
NOTIC: [8] Undefined variable: order E:\xampp\htdocs\egdouban\Application\Home\Controller\IndexController.class.php 第 8 行.
SQL: SELECT * FROM `goods`  [ RunTime:0.0000s ]
SQL: SHOW COLUMNS FROM `ucomment` [ RunTime:0.0100s ]
NOTIC: [8] Undefined variable: where E:\xampp\htdocs\egdouban\Application\Home\Controller\IndexController.class.php 第 10 行.
NOTIC: [8] Undefined variable: offset E:\xampp\htdocs\egdouban\Application\Home\Controller\IndexController.class.php 第 10 行.
NOTIC: [8] Undefined variable: limit E:\xampp\htdocs\egdouban\Application\Home\Controller\IndexController.class.php 第 10 行.
NOTIC: [8] Undefined variable: order E:\xampp\htdocs\egdouban\Application\Home\Controller\IndexController.class.php 第 10 行.
SQL: SELECT * FROM `ucomment`  [ RunTime:0.0000s ]
INFO: [ view_parse ] --START--
INFO: [ template_filter ] --START--
INFO: Run Behavior\ContentReplaceBehavior [ RunTime:0.000000s ]
INFO: [ template_filter ] --END-- [ RunTime:0.000000s ]

[ 2018-05-27T10:53:53+08:00 ] 127.0.0.1 /
INFO: [ app_init ] --START--
INFO: Run Behavior\BuildLiteBehavior [ RunTime:0.000000s ]
INFO: [ app_init ] --END-- [ RunTime:0.000000s ]
INFO: [ app_begin ] --START--
INFO: Run Behavior\ReadHtmlCacheBehavior [ RunTime:0.000000s ]
INFO: [ app_begin ] --END-- [ RunTime:0.000000s ]
NOTIC: [8] A session had already been started - ignoring session_start() E:\xampp\htdocs\egdouban\ThinkPHP\Common\functions.php 第 1263 行.
SQL: SHOW COLUMNS FROM `ad` [ RunTime:0.0110s ]
NOTIC: [8] Undefined variable: where E:\xampp\htdocs\egdouban\Application\Home\Controller\IndexController.class.php 第 6 行.
NOTIC: [8] Undefined variable: offset E:\xampp\htdocs\egdouban\Application\Home\Controller\IndexController.class.php 第 6 行.
NOTIC: [8] Undefined variable: limit E:\xampp\htdocs\egdouban\Application\Home\Controller\IndexController.class.php 第 6 行.
NOTIC: [8] Undefined variable: order E:\xampp\htdocs\egdouban\Application\Home\Controller\IndexController.class.php 第 6 行.
SQL: SELECT * FROM `ad`  [ RunTime:0.0010s ]
SQL: SHOW COLUMNS FROM `goods` [ RunTime:0.0120s ]
NOTIC: [8] Undefined variable: where E:\xampp\htdocs\egdouban\Application\Home\Controller\IndexController.class.php 第 8 行.
NOTIC: [8] Undefined variable: offset E:\xampp\htdocs\egdouban\Application\Home\Controller\IndexController.class.php 第 8 行.
NOTIC: [8] Undefined variable: limit E:\xampp\htdocs\egdouban\Application\Home\Controller\IndexController.class.php 第 8 行.
NOTIC: [8] Undefined variable: order E:\xampp\htdocs\egdouban\Application\Home\Controller\IndexController.class.php 第 8 行.
SQL: SELECT * FROM `goods`  [ RunTime:0.0010s ]
SQL: SHOW COLUMNS FROM `ucomment` [ RunTime:0.0090s ]
NOTIC: [8] Undefined variable: where E:\xampp\htdocs\egdouban\Application\Home\Controller\IndexController.class.php 第 10 行.
NOTIC: [8] Undefined variable: offset E:\xampp\htdocs\egdouban\Application\Home\Controller\IndexController.class.php 第 10 行.
NOTIC: [8] Undefined variable: limit E:\xampp\htdocs\egdouban\Application\Home\Controller\IndexController.class.php 第 10 行.
NOTIC: [8] Undefined variable: order E:\xampp\htdocs\egdouban\Application\Home\Controller\IndexController.class.php 第 10 行.
SQL: SELECT * FROM `ucomment`  [ RunTime:0.0010s ]
INFO: [ view_parse ] --START--
INFO: [ template_filter ] --START--
INFO: Run Behavior\ContentReplaceBehavior [ RunTime:0.000000s ]
INFO: [ template_filter ] --END-- [ RunTime:0.000000s ]

[ 2018-05-27T10:53:53+08:00 ] 127.0.0.1 /
INFO: [ app_init ] --START--
INFO: Run Behavior\BuildLiteBehavior [ RunTime:0.000000s ]
INFO: [ app_init ] --END-- [ RunTime:0.000000s ]
INFO: [ app_begin ] --START--
INFO: Run Behavior\ReadHtmlCacheBehavior [ RunTime:0.001000s ]
INFO: [ app_begin ] --END-- [ RunTime:0.001000s ]
NOTIC: [8] A session had already been started - ignoring session_start() E:\xampp\htdocs\egdouban\ThinkPHP\Common\functions.php 第 1263 行.
SQL: SHOW COLUMNS FROM `ad` [ RunTime:0.0110s ]
NOTIC: [8] Undefined variable: where E:\xampp\htdocs\egdouban\Application\Home\Controller\IndexController.class.php 第 6 行.
NOTIC: [8] Undefined variable: offset E:\xampp\htdocs\egdouban\Application\Home\Controller\IndexController.class.php 第 6 行.
NOTIC: [8] Undefined variable: limit E:\xampp\htdocs\egdouban\Application\Home\Controller\IndexController.class.php 第 6 行.
NOTIC: [8] Undefined variable: order E:\xampp\htdocs\egdouban\Application\Home\Controller\IndexController.class.php 第 6 行.
SQL: SELECT * FROM `ad`  [ RunTime:0.0000s ]
SQL: SHOW COLUMNS FROM `goods` [ RunTime:0.0090s ]
NOTIC: [8] Undefined variable: where E:\xampp\htdocs\egdouban\Application\Home\Controller\IndexController.class.php 第 8 行.
NOTIC: [8] Undefined variable: offset E:\xampp\htdocs\egdouban\Application\Home\Controller\IndexController.class.php 第 8 行.
NOTIC: [8] Undefined variable: limit E:\xampp\htdocs\egdouban\Application\Home\Controller\IndexController.class.php 第 8 行.
NOTIC: [8] Undefined variable: order E:\xampp\htdocs\egdouban\Application\Home\Controller\IndexController.class.php 第 8 行.
SQL: SELECT * FROM `goods`  [ RunTime:0.0000s ]
SQL: SHOW COLUMNS FROM `ucomment` [ RunTime:0.0080s ]
NOTIC: [8] Undefined variable: where E:\xampp\htdocs\egdouban\Application\Home\Controller\IndexController.class.php 第 10 行.
NOTIC: [8] Undefined variable: offset E:\xampp\htdocs\egdouban\Application\Home\Controller\IndexController.class.php 第 10 行.
NOTIC: [8] Undefined variable: limit E:\xampp\htdocs\egdouban\Application\Home\Controller\IndexController.class.php 第 10 行.
NOTIC: [8] Undefined variable: order E:\xampp\htdocs\egdouban\Application\Home\Controller\IndexController.class.php 第 10 行.
SQL: SELECT * FROM `ucomment`  [ RunTime:0.0010s ]
INFO: [ view_parse ] --START--
INFO: [ template_filter ] --START--
INFO: Run Behavior\ContentReplaceBehavior [ RunTime:0.000000s ]
INFO: [ template_filter ] --END-- [ RunTime:0.001000s ]

[ 2018-05-27T10:53:53+08:00 ] 127.0.0.1 /
INFO: [ app_init ] --START--
INFO: Run Behavior\BuildLiteBehavior [ RunTime:0.001001s ]
INFO: [ app_init ] --END-- [ RunTime:0.001001s ]
INFO: [ app_begin ] --START--
INFO: Run Behavior\ReadHtmlCacheBehavior [ RunTime:0.001000s ]
INFO: [ app_begin ] --END-- [ RunTime:0.001000s ]
NOTIC: [8] A session had already been started - ignoring session_start() E:\xampp\htdocs\egdouban\ThinkPHP\Common\functions.php 第 1263 行.
SQL: SHOW COLUMNS FROM `ad` [ RunTime:0.0110s ]
NOTIC: [8] Undefined variable: where E:\xampp\htdocs\egdouban\Application\Home\Controller\IndexController.class.php 第 6 行.
NOTIC: [8] Undefined variable: offset E:\xampp\htdocs\egdouban\Application\Home\Controller\IndexController.class.php 第 6 行.
NOTIC: [8] Undefined variable: limit E:\xampp\htdocs\egdouban\Application\Home\Controller\IndexController.class.php 第 6 行.
NOTIC: [8] Undefined variable: order E:\xampp\htdocs\egdouban\Application\Home\Controller\IndexController.class.php 第 6 行.
SQL: SELECT * FROM `ad`  [ RunTime:0.0010s ]
SQL: SHOW COLUMNS FROM `goods` [ RunTime:0.0090s ]
NOTIC: [8] Undefined variable: where E:\xampp\htdocs\egdouban\Application\Home\Controller\IndexController.class.php 第 8 行.
NOTIC: [8] Undefined variable: offset E:\xampp\htdocs\egdouban\Application\Home\Controller\IndexController.class.php 第 8 行.
NOTIC: [8] Undefined variable: limit E:\xampp\htdocs\egdouban\Application\Home\Controller\IndexController.class.php 第 8 行.
NOTIC: [8] Undefined variable: order E:\xampp\htdocs\egdouban\Application\Home\Controller\IndexController.class.php 第 8 行.
SQL: SELECT * FROM `goods`  [ RunTime:0.0010s ]
SQL: SHOW COLUMNS FROM `ucomment` [ RunTime:0.0090s ]
NOTIC: [8] Undefined variable: where E:\xampp\htdocs\egdouban\Application\Home\Controller\IndexController.class.php 第 10 行.
NOTIC: [8] Undefined variable: offset E:\xampp\htdocs\egdouban\Application\Home\Controller\IndexController.class.php 第 10 行.
NOTIC: [8] Undefined variable: limit E:\xampp\htdocs\egdouban\Application\Home\Controller\IndexController.class.php 第 10 行.
NOTIC: [8] Undefined variable: order E:\xampp\htdocs\egdouban\Application\Home\Controller\IndexController.class.php 第 10 行.
SQL: SELECT * FROM `ucomment`  [ RunTime:0.0000s ]
INFO: [ view_parse ] --START--
INFO: [ template_filter ] --START--
INFO: Run Behavior\ContentReplaceBehavior [ RunTime:0.000000s ]
INFO: [ template_filter ] --END-- [ RunTime:0.000000s ]

[ 2018-05-27T10:53:54+08:00 ] 127.0.0.1 /
INFO: [ app_init ] --START--
INFO: Run Behavior\BuildLiteBehavior [ RunTime:0.000000s ]
INFO: [ app_init ] --END-- [ RunTime:0.001000s ]
INFO: [ app_begin ] --START--
INFO: Run Behavior\ReadHtmlCacheBehavior [ RunTime:0.000000s ]
INFO: [ app_begin ] --END-- [ RunTime:0.000000s ]
NOTIC: [8] A session had already been started - ignoring session_start() E:\xampp\htdocs\egdouban\ThinkPHP\Common\functions.php 第 1263 行.
SQL: SHOW COLUMNS FROM `ad` [ RunTime:0.0090s ]
NOTIC: [8] Undefined variable: where E:\xampp\htdocs\egdouban\Application\Home\Controller\IndexController.class.php 第 6 行.
NOTIC: [8] Undefined variable: offset E:\xampp\htdocs\egdouban\Application\Home\Controller\IndexController.class.php 第 6 行.
NOTIC: [8] Undefined variable: limit E:\xampp\htdocs\egdouban\Application\Home\Controller\IndexController.class.php 第 6 行.
NOTIC: [8] Undefined variable: order E:\xampp\htdocs\egdouban\Application\Home\Controller\IndexController.class.php 第 6 行.
SQL: SELECT * FROM `ad`  [ RunTime:0.0010s ]
SQL: SHOW COLUMNS FROM `goods` [ RunTime:0.0100s ]
NOTIC: [8] Undefined variable: where E:\xampp\htdocs\egdouban\Application\Home\Controller\IndexController.class.php 第 8 行.
NOTIC: [8] Undefined variable: offset E:\xampp\htdocs\egdouban\Application\Home\Controller\IndexController.class.php 第 8 行.
NOTIC: [8] Undefined variable: limit E:\xampp\htdocs\egdouban\Application\Home\Controller\IndexController.class.php 第 8 行.
NOTIC: [8] Undefined variable: order E:\xampp\htdocs\egdouban\Application\Home\Controller\IndexController.class.php 第 8 行.
SQL: SELECT * FROM `goods`  [ RunTime:0.0000s ]
SQL: SHOW COLUMNS FROM `ucomment` [ RunTime:0.0090s ]
NOTIC: [8] Undefined variable: where E:\xampp\htdocs\egdouban\Application\Home\Controller\IndexController.class.php 第 10 行.
NOTIC: [8] Undefined variable: offset E:\xampp\htdocs\egdouban\Application\Home\Controller\IndexController.class.php 第 10 行.
NOTIC: [8] Undefined variable: limit E:\xampp\htdocs\egdouban\Application\Home\Controller\IndexController.class.php 第 10 行.
NOTIC: [8] Undefined variable: order E:\xampp\htdocs\egdouban\Application\Home\Controller\IndexController.class.php 第 10 行.
SQL: SELECT * FROM `ucomment`  [ RunTime:0.0020s ]
INFO: [ view_parse ] --START--
INFO: [ template_filter ] --START--
INFO: Run Behavior\ContentReplaceBehavior [ RunTime:0.000000s ]
INFO: [ template_filter ] --END-- [ RunTime:0.000000s ]

[ 2018-05-27T10:53:54+08:00 ] 127.0.0.1 /
INFO: [ app_init ] --START--
INFO: Run Behavior\BuildLiteBehavior [ RunTime:0.000000s ]
INFO: [ app_init ] --END-- [ RunTime:0.000000s ]
INFO: [ app_begin ] --START--
INFO: Run Behavior\ReadHtmlCacheBehavior [ RunTime:0.001001s ]
INFO: [ app_begin ] --END-- [ RunTime:0.001001s ]
NOTIC: [8] A session had already been started - ignoring session_start() E:\xampp\htdocs\egdouban\ThinkPHP\Common\functions.php 第 1263 行.
SQL: SHOW COLUMNS FROM `ad` [ RunTime:0.0100s ]
NOTIC: [8] Undefined variable: where E:\xampp\htdocs\egdouban\Application\Home\Controller\IndexController.class.php 第 6 行.
NOTIC: [8] Undefined variable: offset E:\xampp\htdocs\egdouban\Application\Home\Controller\IndexController.class.php 第 6 行.
NOTIC: [8] Undefined variable: limit E:\xampp\htdocs\egdouban\Application\Home\Controller\IndexController.class.php 第 6 行.
NOTIC: [8] Undefined variable: order E:\xampp\htdocs\egdouban\Application\Home\Controller\IndexController.class.php 第 6 行.
SQL: SELECT * FROM `ad`  [ RunTime:0.0010s ]
SQL: SHOW COLUMNS FROM `goods` [ RunTime:0.0110s ]
NOTIC: [8] Undefined variable: where E:\xampp\htdocs\egdouban\Application\Home\Controller\IndexController.class.php 第 8 行.
NOTIC: [8] Undefined variable: offset E:\xampp\htdocs\egdouban\Application\Home\Controller\IndexController.class.php 第 8 行.
NOTIC: [8] Undefined variable: limit E:\xampp\htdocs\egdouban\Application\Home\Controller\IndexController.class.php 第 8 行.
NOTIC: [8] Undefined variable: order E:\xampp\htdocs\egdouban\Application\Home\Controller\IndexController.class.php 第 8 行.
SQL: SELECT * FROM `goods`  [ RunTime:0.0000s ]
SQL: SHOW COLUMNS FROM `ucomment` [ RunTime:0.0100s ]
NOTIC: [8] Undefined variable: where E:\xampp\htdocs\egdouban\Application\Home\Controller\IndexController.class.php 第 10 行.
NOTIC: [8] Undefined variable: offset E:\xampp\htdocs\egdouban\Application\Home\Controller\IndexController.class.php 第 10 行.
NOTIC: [8] Undefined variable: limit E:\xampp\htdocs\egdouban\Application\Home\Controller\IndexController.class.php 第 10 行.
NOTIC: [8] Undefined variable: order E:\xampp\htdocs\egdouban\Application\Home\Controller\IndexController.class.php 第 10 行.
SQL: SELECT * FROM `ucomment`  [ RunTime:0.0010s ]
INFO: [ view_parse ] --START--
INFO: [ template_filter ] --START--
INFO: Run Behavior\ContentReplaceBehavior [ RunTime:0.000000s ]
INFO: [ template_filter ] --END-- [ RunTime:0.000000s ]

[ 2018-05-27T10:54:50+08:00 ] 127.0.0.1 /
INFO: [ app_init ] --START--
INFO: Run Behavior\BuildLiteBehavior [ RunTime:0.000000s ]
INFO: [ app_init ] --END-- [ RunTime:0.000000s ]
INFO: [ app_begin ] --START--
INFO: Run Behavior\ReadHtmlCacheBehavior [ RunTime:0.001000s ]
INFO: [ app_begin ] --END-- [ RunTime:0.001000s ]
NOTIC: [8] A session had already been started - ignoring session_start() E:\xampp\htdocs\egdouban\ThinkPHP\Common\functions.php 第 1263 行.
SQL: SHOW COLUMNS FROM `ad` [ RunTime:0.0090s ]
NOTIC: [8] Undefined variable: where E:\xampp\htdocs\egdouban\Application\Home\Controller\IndexController.class.php 第 6 行.
NOTIC: [8] Undefined variable: offset E:\xampp\htdocs\egdouban\Application\Home\Controller\IndexController.class.php 第 6 行.
NOTIC: [8] Undefined variable: limit E:\xampp\htdocs\egdouban\Application\Home\Controller\IndexController.class.php 第 6 行.
NOTIC: [8] Undefined variable: order E:\xampp\htdocs\egdouban\Application\Home\Controller\IndexController.class.php 第 6 行.
SQL: SELECT * FROM `ad`  [ RunTime:0.0010s ]
SQL: SHOW COLUMNS FROM `goods` [ RunTime:0.0080s ]
NOTIC: [8] Undefined variable: where E:\xampp\htdocs\egdouban\Application\Home\Controller\IndexController.class.php 第 8 行.
NOTIC: [8] Undefined variable: offset E:\xampp\htdocs\egdouban\Application\Home\Controller\IndexController.class.php 第 8 行.
NOTIC: [8] Undefined variable: limit E:\xampp\htdocs\egdouban\Application\Home\Controller\IndexController.class.php 第 8 行.
NOTIC: [8] Undefined variable: order E:\xampp\htdocs\egdouban\Application\Home\Controller\IndexController.class.php 第 8 行.
SQL: SELECT * FROM `goods`  [ RunTime:0.0010s ]
SQL: SHOW COLUMNS FROM `ucomment` [ RunTime:0.0070s ]
NOTIC: [8] Undefined variable: where E:\xampp\htdocs\egdouban\Application\Home\Controller\IndexController.class.php 第 10 行.
NOTIC: [8] Undefined variable: offset E:\xampp\htdocs\egdouban\Application\Home\Controller\IndexController.class.php 第 10 行.
NOTIC: [8] Undefined variable: limit E:\xampp\htdocs\egdouban\Application\Home\Controller\IndexController.class.php 第 10 行.
NOTIC: [8] Undefined variable: order E:\xampp\htdocs\egdouban\Application\Home\Controller\IndexController.class.php 第 10 行.
SQL: SELECT * FROM `ucomment`  [ RunTime:0.0010s ]
INFO: [ view_parse ] --START--
INFO: [ template_filter ] --START--
INFO: Run Behavior\ContentReplaceBehavior [ RunTime:0.000000s ]
INFO: [ template_filter ] --END-- [ RunTime:0.000000s ]
INFO: Run Behavior\ParseTemplateBehavior [ RunTime:0.008001s ]
INFO: [ view_parse ] --END-- [ RunTime:0.008001s ]
INFO: [ view_filter ] --START--
INFO: Run Behavior\WriteHtmlCacheBehavior [ RunTime:0.000000s ]
INFO: [ view_filter ] --END-- [ RunTime:0.000000s ]
INFO: [ app_end ] --START--
INFO: Run Behavior\ShowPageTraceBehavior [ RunTime:0.001000s ]
INFO: [ app_end ] --END-- [ RunTime:0.001000s ]

[ 2018-05-27T15:03:34+08:00 ] 127.0.0.1 /
INFO: [ app_init ] --START--
INFO: Run Behavior\BuildLiteBehavior [ RunTime:0.000000s ]
INFO: [ app_init ] --END-- [ RunTime:0.156000s ]
INFO: [ app_begin ] --START--
INFO: Run Behavior\ReadHtmlCacheBehavior [ RunTime:0.219401s ]
INFO: [ app_begin ] --END-- [ RunTime:0.219401s ]
NOTIC: [8] A session had already been started - ignoring session_start() E:\xampp\htdocs\egdouban\ThinkPHP\Common\functions.php 第 1263 行.
SQL: SHOW COLUMNS FROM `ad` [ RunTime:0.0000s ]
NOTIC: [8] Undefined variable: where E:\xampp\htdocs\egdouban\Application\Home\Controller\IndexController.class.php 第 6 行.
NOTIC: [8] Undefined variable: offset E:\xampp\htdocs\egdouban\Application\Home\Controller\IndexController.class.php 第 6 行.
NOTIC: [8] Undefined variable: limit E:\xampp\htdocs\egdouban\Application\Home\Controller\IndexController.class.php 第 6 行.
NOTIC: [8] Undefined variable: order E:\xampp\htdocs\egdouban\Application\Home\Controller\IndexController.class.php 第 6 行.
SQL: SELECT * FROM `ad`  [ RunTime:0.0156s ]
SQL: SHOW COLUMNS FROM `goods` [ RunTime:0.0000s ]
NOTIC: [8] Undefined variable: where E:\xampp\htdocs\egdouban\Application\Home\Controller\IndexController.class.php 第 8 行.
NOTIC: [8] Undefined variable: offset E:\xampp\htdocs\egdouban\Application\Home\Controller\IndexController.class.php 第 8 行.
NOTIC: [8] Undefined variable: limit E:\xampp\htdocs\egdouban\Application\Home\Controller\IndexController.class.php 第 8 行.
NOTIC: [8] Undefined variable: order E:\xampp\htdocs\egdouban\Application\Home\Controller\IndexController.class.php 第 8 行.
SQL: SELECT * FROM `goods`  [ RunTime:0.0000s ]
SQL: SHOW COLUMNS FROM `ucomment` [ RunTime:0.0156s ]
NOTIC: [8] Undefined variable: where E:\xampp\htdocs\egdouban\Application\Home\Controller\IndexController.class.php 第 10 行.
NOTIC: [8] Undefined variable: offset E:\xampp\htdocs\egdouban\Application\Home\Controller\IndexController.class.php 第 10 行.
NOTIC: [8] Undefined variable: limit E:\xampp\htdocs\egdouban\Application\Home\Controller\IndexController.class.php 第 10 行.
NOTIC: [8] Undefined variable: order E:\xampp\htdocs\egdouban\Application\Home\Controller\IndexController.class.php 第 10 行.
SQL: SELECT * FROM `ucomment`  [ RunTime:0.0000s ]
INFO: [ view_parse ] --START--
INFO: [ template_filter ] --START--
INFO: Run Behavior\ContentReplaceBehavior [ RunTime:0.000000s ]
INFO: [ template_filter ] --END-- [ RunTime:0.000000s ]
INFO: Run Behavior\ParseTemplateBehavior [ RunTime:0.109201s ]
INFO: [ view_parse ] --END-- [ RunTime:0.109201s ]
INFO: [ view_filter ] --START--
INFO: Run Behavior\WriteHtmlCacheBehavior [ RunTime:0.046800s ]
INFO: [ view_filter ] --END-- [ RunTime:0.046800s ]
INFO: [ app_end ] --START--
INFO: Run Behavior\ShowPageTraceBehavior [ RunTime:0.093600s ]
INFO: [ app_end ] --END-- [ RunTime:0.093600s ]

